2021-12-12 12:55:54,286 - Velocimacro : added VM includeReportInfo: source=/templates/macros/page/reportInfo.vm
2021-12-12 12:55:54,286 - ResourceManager : found /templates/macros/page/reportInfo.vm with loader org.apache.velocity.runtime.resource.loader.ClasspathResourceLoader
2021-12-12 12:55:54,292 - Velocimacro : added VM includeTitle: source=/templates/macros/page/title.vm
2021-12-12 12:55:54,293 - ResourceManager : found /templates/macros/page/title.vm with loader org.apache.velocity.runtime.resource.loader.ClasspathResourceLoader
2021-12-12 12:55:54,295 - Velocimacro : added VM includeExpandingButtons: source=/templates/macros/report/expandAllButtons.vm
2021-12-12 12:55:54,295 - ResourceManager : found /templates/macros/report/expandAllButtons.vm with loader org.apache.velocity.runtime.resource.loader.ClasspathResourceLoader
2021-12-12 12:55:54,300 - Velocimacro : added VM includeReportTable: source=/templates/macros/report/reportTable.vm
2021-12-12 12:55:54,300 - ResourceManager : found /templates/macros/report/reportTable.vm with loader org.apache.velocity.runtime.resource.loader.ClasspathResourceLoader
2021-12-12 12:55:54,302 - Velocimacro : added VM includeReportHeader: source=/templates/macros/report/reportHeader.vm
2021-12-12 12:55:54,302 - ResourceManager : found /templates/macros/report/reportHeader.vm with loader org.apache.velocity.runtime.resource.loader.ClasspathResourceLoader
2021-12-12 12:55:54,321 - Velocimacro : added VM includeStatsTable: source=/templates/macros/report/statsTable.vm
2021-12-12 12:55:54,327 - ResourceManager : found /templates/macros/report/statsTable.vm with loader org.apache.velocity.runtime.resource.loader.ClasspathResourceLoader
2021-12-12 12:55:54,330 - Velocimacro : added VM includeBrief: source=/templates/macros/json/brief.vm
2021-12-12 12:55:54,330 - ResourceManager : found /templates/macros/json/brief.vm with loader org.apache.velocity.runtime.resource.loader.ClasspathResourceLoader
2021-12-12 12:55:54,333 - Velocimacro : added VM includeDocString: source=/templates/macros/json/docstring.vm
2021-12-12 12:55:54,333 - ResourceManager : found /templates/macros/json/docstring.vm with loader org.apache.velocity.runtime.resource.loader.ClasspathResourceLoader
2021-12-12 12:55:54,334 - Velocimacro : added VM includeDuration: source=/templates/macros/json/duration.vm
2021-12-12 12:55:54,334 - ResourceManager : found /templates/macros/json/duration.vm with loader org.apache.velocity.runtime.resource.loader.ClasspathResourceLoader
2021-12-12 12:55:54,347 - Velocimacro : added VM includeElement: source=/templates/macros/json/element.vm
2021-12-12 12:55:54,347 - ResourceManager : found /templates/macros/json/element.vm with loader org.apache.velocity.runtime.resource.loader.ClasspathResourceLoader
2021-12-12 12:55:54,358 - Velocimacro : added VM includeEmbeddings: source=/templates/macros/json/embeddings.vm
2021-12-12 12:55:54,358 - Velocimacro : added VM includeHtmlEmbedding: source=/templates/macros/json/embeddings.vm
2021-12-12 12:55:54,358 - Velocimacro : added VM includeVideoEmbedding: source=/templates/macros/json/embeddings.vm
2021-12-12 12:55:54,358 - Velocimacro : added VM includeImageEmbedding: source=/templates/macros/json/embeddings.vm
2021-12-12 12:55:54,358 - Velocimacro : added VM includeImageReferenceEmbedding: source=/templates/macros/json/embeddings.vm
2021-12-12 12:55:54,358 - Velocimacro : added VM includeTextEmbedding: source=/templates/macros/json/embeddings.vm
2021-12-12 12:55:54,358 - Velocimacro : added VM includeUnknownEmbedding: source=/templates/macros/json/embeddings.vm
2021-12-12 12:55:54,359 - ResourceManager : found /templates/macros/json/embeddings.vm with loader org.apache.velocity.runtime.resource.loader.ClasspathResourceLoader
2021-12-12 12:55:54,361 - Velocimacro : added VM includeHooks: source=/templates/macros/json/hooks.vm
2021-12-12 12:55:54,361 - ResourceManager : found /templates/macros/json/hooks.vm with loader org.apache.velocity.runtime.resource.loader.ClasspathResourceLoader
2021-12-12 12:55:54,363 - Velocimacro : added VM includeOutput: source=/templates/macros/json/output.vm
2021-12-12 12:55:54,363 - ResourceManager : found /templates/macros/json/output.vm with loader org.apache.velocity.runtime.resource.loader.ClasspathResourceLoader
2021-12-12 12:55:54,366 - Velocimacro : added VM includeMessage: source=/templates/macros/json/message.vm
2021-12-12 12:55:54,366 - ResourceManager : found /templates/macros/json/message.vm with loader org.apache.velocity.runtime.resource.loader.ClasspathResourceLoader
2021-12-12 12:55:54,368 - Velocimacro : added VM includeSteps: source=/templates/macros/json/steps.vm
2021-12-12 12:55:54,368 - ResourceManager : found /templates/macros/json/steps.vm with loader org.apache.velocity.runtime.resource.loader.ClasspathResourceLoader
2021-12-12 12:55:54,370 - Velocimacro : added VM includeStepName: source=/templates/macros/json/stepName.vm
2021-12-12 12:55:54,370 - ResourceManager : found /templates/macros/json/stepName.vm with loader org.apache.velocity.runtime.resource.loader.ClasspathResourceLoader
2021-12-12 12:55:54,372 - Velocimacro : added VM includeTags: source=/templates/macros/json/tags.vm
2021-12-12 12:55:54,372 - ResourceManager : found /templates/macros/json/tags.vm with loader org.apache.velocity.runtime.resource.loader.ClasspathResourceLoader
2021-12-12 12:55:54,381 - VM #includeNavigation: too few arguments to macro. Wanted 1 got 0
2021-12-12 12:55:54,382 - Left side ($active_tab) of '==' operation has null value. If it is a reference, it may not be in the context or its toString() returned null. /templates/macros/page/navigation.vm[line 14, column 51]
2021-12-12 12:55:54,382 - Left side ($active_tab) of '==' operation has null value. If it is a reference, it may not be in the context or its toString() returned null. /templates/macros/page/navigation.vm[line 15, column 51]
2021-12-12 12:55:54,382 - Left side ($active_tab) of '==' operation has null value. If it is a reference, it may not be in the context or its toString() returned null. /templates/macros/page/navigation.vm[line 16, column 51]
2021-12-12 12:55:54,382 - Left side ($active_tab) of '==' operation has null value. If it is a reference, it may not be in the context or its toString() returned null. /templates/macros/page/navigation.vm[line 20, column 51]
2021-12-12 12:55:54,402 - ResourceManager : found /templates/footer.vm with loader org.apache.velocity.runtime.resource.loader.ClasspathResourceLoader
2021-12-12 12:57:04,928 - Log4JLogChute initialized using file 'target\velocity.log'
2021-12-12 12:57:04,931 - Initializing Velocity, Calling init()...
2021-12-12 12:57:04,931 - Starting Apache Velocity v1.7 (compiled: 2010-11-19 12:14:37)
2021-12-12 12:57:04,931 - Default Properties File: org\apache\velocity\runtime\defaults\velocity.properties
2021-12-12 12:57:04,931 - Trying to use logger class org.apache.velocity.runtime.log.AvalonLogChute
2021-12-12 12:57:04,931 - Target log system for org.apache.velocity.runtime.log.AvalonLogChute is not available (java.lang.NoClassDefFoundError: org/apache/log/format/Formatter).  Falling back to next log system...
2021-12-12 12:57:04,931 - Trying to use logger class org.apache.velocity.runtime.log.Log4JLogChute
2021-12-12 12:57:04,931 - Using logger class org.apache.velocity.runtime.log.Log4JLogChute
2021-12-12 12:57:04,938 - ResourceLoader instantiated: org.apache.velocity.runtime.resource.loader.ClasspathResourceLoader
2021-12-12 12:57:04,979 - ResourceCache: initialized (class org.apache.velocity.runtime.resource.ResourceCacheImpl) with class java.util.Collections$SynchronizedMap cache map.
2021-12-12 12:57:04,982 - Loaded System Directive: org.apache.velocity.runtime.directive.Stop
2021-12-12 12:57:04,983 - Loaded System Directive: org.apache.velocity.runtime.directive.Define
2021-12-12 12:57:04,984 - Loaded System Directive: org.apache.velocity.runtime.directive.Break
2021-12-12 12:57:04,985 - Loaded System Directive: org.apache.velocity.runtime.directive.Evaluate
2021-12-12 12:57:04,985 - Loaded System Directive: org.apache.velocity.runtime.directive.Literal
2021-12-12 12:57:04,987 - Loaded System Directive: org.apache.velocity.runtime.directive.Macro
2021-12-12 12:57:04,993 - Loaded System Directive: org.apache.velocity.runtime.directive.Parse
2021-12-12 12:57:04,996 - Loaded System Directive: org.apache.velocity.runtime.directive.Include
2021-12-12 12:57:04,998 - Loaded System Directive: org.apache.velocity.runtime.directive.Foreach
2021-12-12 12:57:05,039 - Created '20' parsers.
2021-12-12 12:57:05,047 - Velocimacro : "velocimacro.library" is not set.  Trying default library: VM_global_library.vm
2021-12-12 12:57:05,048 - Could not load resource 'VM_global_library.vm' from ResourceLoader org.apache.velocity.runtime.resource.loader.ClasspathResourceLoader: ClasspathResourceLoader Error: cannot find resource VM_global_library.vm
2021-12-12 12:57:05,048 - Velocimacro : Default library not found.
2021-12-12 12:57:05,048 - Velocimacro : allowInline = true : VMs can be defined inline in templates
2021-12-12 12:57:05,048 - Velocimacro : allowInlineToOverride = false : VMs defined inline may NOT replace previous VM definitions
2021-12-12 12:57:05,048 - Velocimacro : allowInlineLocal = false : VMs defined inline will be global in scope if allowed.
2021-12-12 12:57:05,048 - Velocimacro : autoload off : VM system will not automatically reload global library macros
2021-12-12 12:57:05,240 - ResourceManager : found templates/generators/errorpage.vm with loader org.apache.velocity.runtime.resource.loader.ClasspathResourceLoader
2021-12-12 12:57:05,253 - ResourceManager : found /templates/headers.vm with loader org.apache.velocity.runtime.resource.loader.ClasspathResourceLoader
2021-12-12 12:57:05,253 - ResourceManager : found /templates/head.vm with loader org.apache.velocity.runtime.resource.loader.ClasspathResourceLoader
2021-12-12 12:57:05,260 - Velocimacro : added VM stringArray: source=/templates/macros/array.js.vm
2021-12-12 12:57:05,260 - Velocimacro : added VM numberArray: source=/templates/macros/array.js.vm
2021-12-12 12:57:05,260 - ResourceManager : found /templates/macros/array.js.vm with loader org.apache.velocity.runtime.resource.loader.ClasspathResourceLoader
2021-12-12 12:57:05,265 - Velocimacro : added VM includeBuildInfo: source=/templates/macros/page/buildinfo.vm
2021-12-12 12:57:05,265 - ResourceManager : found /templates/macros/page/buildinfo.vm with loader org.apache.velocity.runtime.resource.loader.ClasspathResourceLoader
2021-12-12 12:57:05,269 - Velocimacro : added VM includeClassifications: source=/templates/macros/page/classifications.vm
2021-12-12 12:57:05,269 - ResourceManager : found /templates/macros/page/classifications.vm with loader org.apache.velocity.runtime.resource.loader.ClasspathResourceLoader
2021-12-12 12:57:05,271 - Velocimacro : added VM includeLead: source=/templates/macros/page/lead.vm
2021-12-12 12:57:05,271 - ResourceManager : found /templates/macros/page/lead.vm with loader org.apache.velocity.runtime.resource.loader.ClasspathResourceLoader
2021-12-12 12:57:05,274 - Velocimacro : added VM includeNavigation: source=/templates/macros/page/navigation.vm
2021-12-12 12:57:05,274 - ResourceManager : found /templates/macros/page/navigation.vm with loader org.apache.velocity.runtime.resource.loader.ClasspathResourceLoader
2021-12-12 12:57:05,281 - Velocimacro : added VM includeReportInfo: source=/templates/macros/page/reportInfo.vm
2021-12-12 12:57:05,281 - ResourceManager : found /templates/macros/page/reportInfo.vm with loader org.apache.velocity.runtime.resource.loader.ClasspathResourceLoader
2021-12-12 12:57:05,283 - Velocimacro : added VM includeTitle: source=/templates/macros/page/title.vm
2021-12-12 12:57:05,283 - ResourceManager : found /templates/macros/page/title.vm with loader org.apache.velocity.runtime.resource.loader.ClasspathResourceLoader
2021-12-12 12:57:05,284 - Velocimacro : added VM includeExpandingButtons: source=/templates/macros/report/expandAllButtons.vm
2021-12-12 12:57:05,284 - ResourceManager : found /templates/macros/report/expandAllButtons.vm with loader org.apache.velocity.runtime.resource.loader.ClasspathResourceLoader
2021-12-12 12:57:05,290 - Velocimacro : added VM includeReportTable: source=/templates/macros/report/reportTable.vm
2021-12-12 12:57:05,290 - ResourceManager : found /templates/macros/report/reportTable.vm with loader org.apache.velocity.runtime.resource.loader.ClasspathResourceLoader
2021-12-12 12:57:05,294 - Velocimacro : added VM includeReportHeader: source=/templates/macros/report/reportHeader.vm
2021-12-12 12:57:05,294 - ResourceManager : found /templates/macros/report/reportHeader.vm with loader org.apache.velocity.runtime.resource.loader.ClasspathResourceLoader
2021-12-12 12:57:05,300 - Velocimacro : added VM includeStatsTable: source=/templates/macros/report/statsTable.vm
2021-12-12 12:57:05,301 - ResourceManager : found /templates/macros/report/statsTable.vm with loader org.apache.velocity.runtime.resource.loader.ClasspathResourceLoader
2021-12-12 12:57:05,310 - Velocimacro : added VM includeBrief: source=/templates/macros/json/brief.vm
2021-12-12 12:57:05,310 - ResourceManager : found /templates/macros/json/brief.vm with loader org.apache.velocity.runtime.resource.loader.ClasspathResourceLoader
2021-12-12 12:57:05,312 - Velocimacro : added VM includeDocString: source=/templates/macros/json/docstring.vm
2021-12-12 12:57:05,312 - ResourceManager : found /templates/macros/json/docstring.vm with loader org.apache.velocity.runtime.resource.loader.ClasspathResourceLoader
2021-12-12 12:57:05,313 - Velocimacro : added VM includeDuration: source=/templates/macros/json/duration.vm
2021-12-12 12:57:05,313 - ResourceManager : found /templates/macros/json/duration.vm with loader org.apache.velocity.runtime.resource.loader.ClasspathResourceLoader
2021-12-12 12:57:05,317 - Velocimacro : added VM includeElement: source=/templates/macros/json/element.vm
2021-12-12 12:57:05,317 - ResourceManager : found /templates/macros/json/element.vm with loader org.apache.velocity.runtime.resource.loader.ClasspathResourceLoader
2021-12-12 12:57:05,331 - Velocimacro : added VM includeEmbeddings: source=/templates/macros/json/embeddings.vm
2021-12-12 12:57:05,332 - Velocimacro : added VM includeHtmlEmbedding: source=/templates/macros/json/embeddings.vm
2021-12-12 12:57:05,332 - Velocimacro : added VM includeVideoEmbedding: source=/templates/macros/json/embeddings.vm
2021-12-12 12:57:05,332 - Velocimacro : added VM includeImageEmbedding: source=/templates/macros/json/embeddings.vm
2021-12-12 12:57:05,332 - Velocimacro : added VM includeImageReferenceEmbedding: source=/templates/macros/json/embeddings.vm
2021-12-12 12:57:05,332 - Velocimacro : added VM includeTextEmbedding: source=/templates/macros/json/embeddings.vm
2021-12-12 12:57:05,332 - Velocimacro : added VM includeUnknownEmbedding: source=/templates/macros/json/embeddings.vm
2021-12-12 12:57:05,332 - ResourceManager : found /templates/macros/json/embeddings.vm with loader org.apache.velocity.runtime.resource.loader.ClasspathResourceLoader
2021-12-12 12:57:05,335 - Velocimacro : added VM includeHooks: source=/templates/macros/json/hooks.vm
2021-12-12 12:57:05,335 - ResourceManager : found /templates/macros/json/hooks.vm with loader org.apache.velocity.runtime.resource.loader.ClasspathResourceLoader
2021-12-12 12:57:05,348 - Velocimacro : added VM includeOutput: source=/templates/macros/json/output.vm
2021-12-12 12:57:05,348 - ResourceManager : found /templates/macros/json/output.vm with loader org.apache.velocity.runtime.resource.loader.ClasspathResourceLoader
2021-12-12 12:57:05,349 - Velocimacro : added VM includeMessage: source=/templates/macros/json/message.vm
2021-12-12 12:57:05,349 - ResourceManager : found /templates/macros/json/message.vm with loader org.apache.velocity.runtime.resource.loader.ClasspathResourceLoader
2021-12-12 12:57:05,352 - Velocimacro : added VM includeSteps: source=/templates/macros/json/steps.vm
2021-12-12 12:57:05,352 - ResourceManager : found /templates/macros/json/steps.vm with loader org.apache.velocity.runtime.resource.loader.ClasspathResourceLoader
2021-12-12 12:57:05,353 - Velocimacro : added VM includeStepName: source=/templates/macros/json/stepName.vm
2021-12-12 12:57:05,354 - ResourceManager : found /templates/macros/json/stepName.vm with loader org.apache.velocity.runtime.resource.loader.ClasspathResourceLoader
2021-12-12 12:57:05,356 - Velocimacro : added VM includeTags: source=/templates/macros/json/tags.vm
2021-12-12 12:57:05,356 - ResourceManager : found /templates/macros/json/tags.vm with loader org.apache.velocity.runtime.resource.loader.ClasspathResourceLoader
2021-12-12 12:57:05,376 - VM #includeNavigation: too few arguments to macro. Wanted 1 got 0
2021-12-12 12:57:05,379 - Left side ($active_tab) of '==' operation has null value. If it is a reference, it may not be in the context or its toString() returned null. /templates/macros/page/navigation.vm[line 14, column 51]
2021-12-12 12:57:05,379 - Left side ($active_tab) of '==' operation has null value. If it is a reference, it may not be in the context or its toString() returned null. /templates/macros/page/navigation.vm[line 15, column 51]
2021-12-12 12:57:05,379 - Left side ($active_tab) of '==' operation has null value. If it is a reference, it may not be in the context or its toString() returned null. /templates/macros/page/navigation.vm[line 16, column 51]
2021-12-12 12:57:05,379 - Left side ($active_tab) of '==' operation has null value. If it is a reference, it may not be in the context or its toString() returned null. /templates/macros/page/navigation.vm[line 20, column 51]
2021-12-12 12:57:05,416 - ResourceManager : found /templates/footer.vm with loader org.apache.velocity.runtime.resource.loader.ClasspathResourceLoader
2021-12-12 12:57:35,701 - Log4JLogChute initialized using file 'target\velocity.log'
2021-12-12 12:57:35,701 - Initializing Velocity, Calling init()...
2021-12-12 12:57:35,701 - Starting Apache Velocity v1.7 (compiled: 2010-11-19 12:14:37)
2021-12-12 12:57:35,701 - Default Properties File: org\apache\velocity\runtime\defaults\velocity.properties
2021-12-12 12:57:35,701 - Trying to use logger class org.apache.velocity.runtime.log.AvalonLogChute
2021-12-12 12:57:35,701 - Target log system for org.apache.velocity.runtime.log.AvalonLogChute is not available (java.lang.NoClassDefFoundError: org/apache/log/format/Formatter).  Falling back to next log system...
2021-12-12 12:57:35,701 - Trying to use logger class org.apache.velocity.runtime.log.Log4JLogChute
2021-12-12 12:57:35,701 - Using logger class org.apache.velocity.runtime.log.Log4JLogChute
2021-12-12 12:57:35,704 - ResourceLoader instantiated: org.apache.velocity.runtime.resource.loader.ClasspathResourceLoader
2021-12-12 12:57:35,716 - ResourceCache: initialized (class org.apache.velocity.runtime.resource.ResourceCacheImpl) with class java.util.Collections$SynchronizedMap cache map.
2021-12-12 12:57:35,718 - Loaded System Directive: org.apache.velocity.runtime.directive.Stop
2021-12-12 12:57:35,719 - Loaded System Directive: org.apache.velocity.runtime.directive.Define
2021-12-12 12:57:35,719 - Loaded System Directive: org.apache.velocity.runtime.directive.Break
2021-12-12 12:57:35,720 - Loaded System Directive: org.apache.velocity.runtime.directive.Evaluate
2021-12-12 12:57:35,721 - Loaded System Directive: org.apache.velocity.runtime.directive.Literal
2021-12-12 12:57:35,723 - Loaded System Directive: org.apache.velocity.runtime.directive.Macro
2021-12-12 12:57:35,724 - Loaded System Directive: org.apache.velocity.runtime.directive.Parse
2021-12-12 12:57:35,726 - Loaded System Directive: org.apache.velocity.runtime.directive.Include
2021-12-12 12:57:35,727 - Loaded System Directive: org.apache.velocity.runtime.directive.Foreach
2021-12-12 12:57:35,756 - Created '20' parsers.
2021-12-12 12:57:35,764 - Velocimacro : "velocimacro.library" is not set.  Trying default library: VM_global_library.vm
2021-12-12 12:57:35,764 - Could not load resource 'VM_global_library.vm' from ResourceLoader org.apache.velocity.runtime.resource.loader.ClasspathResourceLoader: ClasspathResourceLoader Error: cannot find resource VM_global_library.vm
2021-12-12 12:57:35,764 - Velocimacro : Default library not found.
2021-12-12 12:57:35,764 - Velocimacro : allowInline = true : VMs can be defined inline in templates
2021-12-12 12:57:35,764 - Velocimacro : allowInlineToOverride = false : VMs defined inline may NOT replace previous VM definitions
2021-12-12 12:57:35,764 - Velocimacro : allowInlineLocal = false : VMs defined inline will be global in scope if allowed.
2021-12-12 12:57:35,764 - Velocimacro : autoload off : VM system will not automatically reload global library macros
2021-12-12 12:57:35,957 - ResourceManager : found templates/generators/errorpage.vm with loader org.apache.velocity.runtime.resource.loader.ClasspathResourceLoader
2021-12-12 12:57:35,963 - ResourceManager : found /templates/headers.vm with loader org.apache.velocity.runtime.resource.loader.ClasspathResourceLoader
2021-12-12 12:57:35,964 - ResourceManager : found /templates/head.vm with loader org.apache.velocity.runtime.resource.loader.ClasspathResourceLoader
2021-12-12 12:57:35,969 - Velocimacro : added VM stringArray: source=/templates/macros/array.js.vm
2021-12-12 12:57:35,969 - Velocimacro : added VM numberArray: source=/templates/macros/array.js.vm
2021-12-12 12:57:35,969 - ResourceManager : found /templates/macros/array.js.vm with loader org.apache.velocity.runtime.resource.loader.ClasspathResourceLoader
2021-12-12 12:57:35,972 - Velocimacro : added VM includeBuildInfo: source=/templates/macros/page/buildinfo.vm
2021-12-12 12:57:35,972 - ResourceManager : found /templates/macros/page/buildinfo.vm with loader org.apache.velocity.runtime.resource.loader.ClasspathResourceLoader
2021-12-12 12:57:35,977 - Velocimacro : added VM includeClassifications: source=/templates/macros/page/classifications.vm
2021-12-12 12:57:35,977 - ResourceManager : found /templates/macros/page/classifications.vm with loader org.apache.velocity.runtime.resource.loader.ClasspathResourceLoader
2021-12-12 12:57:35,978 - Velocimacro : added VM includeLead: source=/templates/macros/page/lead.vm
2021-12-12 12:57:35,979 - ResourceManager : found /templates/macros/page/lead.vm with loader org.apache.velocity.runtime.resource.loader.ClasspathResourceLoader
2021-12-12 12:57:35,983 - Velocimacro : added VM includeNavigation: source=/templates/macros/page/navigation.vm
2021-12-12 12:57:35,983 - ResourceManager : found /templates/macros/page/navigation.vm with loader org.apache.velocity.runtime.resource.loader.ClasspathResourceLoader
2021-12-12 12:57:35,987 - Velocimacro : added VM includeReportInfo: source=/templates/macros/page/reportInfo.vm
2021-12-12 12:57:35,987 - ResourceManager : found /templates/macros/page/reportInfo.vm with loader org.apache.velocity.runtime.resource.loader.ClasspathResourceLoader
2021-12-12 12:57:35,990 - Velocimacro : added VM includeTitle: source=/templates/macros/page/title.vm
2021-12-12 12:57:35,990 - ResourceManager : found /templates/macros/page/title.vm with loader org.apache.velocity.runtime.resource.loader.ClasspathResourceLoader
2021-12-12 12:57:35,991 - Velocimacro : added VM includeExpandingButtons: source=/templates/macros/report/expandAllButtons.vm
2021-12-12 12:57:35,991 - ResourceManager : found /templates/macros/report/expandAllButtons.vm with loader org.apache.velocity.runtime.resource.loader.ClasspathResourceLoader
2021-12-12 12:57:35,997 - Velocimacro : added VM includeReportTable: source=/templates/macros/report/reportTable.vm
2021-12-12 12:57:35,997 - ResourceManager : found /templates/macros/report/reportTable.vm with loader org.apache.velocity.runtime.resource.loader.ClasspathResourceLoader
2021-12-12 12:57:36,001 - Velocimacro : added VM includeReportHeader: source=/templates/macros/report/reportHeader.vm
2021-12-12 12:57:36,001 - ResourceManager : found /templates/macros/report/reportHeader.vm with loader org.apache.velocity.runtime.resource.loader.ClasspathResourceLoader
2021-12-12 12:57:36,011 - Velocimacro : added VM includeStatsTable: source=/templates/macros/report/statsTable.vm
2021-12-12 12:57:36,012 - ResourceManager : found /templates/macros/report/statsTable.vm with loader org.apache.velocity.runtime.resource.loader.ClasspathResourceLoader
2021-12-12 12:57:36,015 - Velocimacro : added VM includeBrief: source=/templates/macros/json/brief.vm
2021-12-12 12:57:36,016 - ResourceManager : found /templates/macros/json/brief.vm with loader org.apache.velocity.runtime.resource.loader.ClasspathResourceLoader
2021-12-12 12:57:36,020 - Velocimacro : added VM includeDocString: source=/templates/macros/json/docstring.vm
2021-12-12 12:57:36,020 - ResourceManager : found /templates/macros/json/docstring.vm with loader org.apache.velocity.runtime.resource.loader.ClasspathResourceLoader
2021-12-12 12:57:36,022 - Velocimacro : added VM includeDuration: source=/templates/macros/json/duration.vm
2021-12-12 12:57:36,022 - ResourceManager : found /templates/macros/json/duration.vm with loader org.apache.velocity.runtime.resource.loader.ClasspathResourceLoader
2021-12-12 12:57:36,025 - Velocimacro : added VM includeElement: source=/templates/macros/json/element.vm
2021-12-12 12:57:36,025 - ResourceManager : found /templates/macros/json/element.vm with loader org.apache.velocity.runtime.resource.loader.ClasspathResourceLoader
2021-12-12 12:57:36,035 - Velocimacro : added VM includeEmbeddings: source=/templates/macros/json/embeddings.vm
2021-12-12 12:57:36,037 - Velocimacro : added VM includeHtmlEmbedding: source=/templates/macros/json/embeddings.vm
2021-12-12 12:57:36,037 - Velocimacro : added VM includeVideoEmbedding: source=/templates/macros/json/embeddings.vm
2021-12-12 12:57:36,040 - Velocimacro : added VM includeImageEmbedding: source=/templates/macros/json/embeddings.vm
2021-12-12 12:57:36,041 - Velocimacro : added VM includeImageReferenceEmbedding: source=/templates/macros/json/embeddings.vm
2021-12-12 12:57:36,041 - Velocimacro : added VM includeTextEmbedding: source=/templates/macros/json/embeddings.vm
2021-12-12 12:57:36,041 - Velocimacro : added VM includeUnknownEmbedding: source=/templates/macros/json/embeddings.vm
2021-12-12 12:57:36,041 - ResourceManager : found /templates/macros/json/embeddings.vm with loader org.apache.velocity.runtime.resource.loader.ClasspathResourceLoader
2021-12-12 12:57:36,044 - Velocimacro : added VM includeHooks: source=/templates/macros/json/hooks.vm
2021-12-12 12:57:36,044 - ResourceManager : found /templates/macros/json/hooks.vm with loader org.apache.velocity.runtime.resource.loader.ClasspathResourceLoader
2021-12-12 12:57:36,047 - Velocimacro : added VM includeOutput: source=/templates/macros/json/output.vm
2021-12-12 12:57:36,047 - ResourceManager : found /templates/macros/json/output.vm with loader org.apache.velocity.runtime.resource.loader.ClasspathResourceLoader
2021-12-12 12:57:36,048 - Velocimacro : added VM includeMessage: source=/templates/macros/json/message.vm
2021-12-12 12:57:36,048 - ResourceManager : found /templates/macros/json/message.vm with loader org.apache.velocity.runtime.resource.loader.ClasspathResourceLoader
2021-12-12 12:57:36,052 - Velocimacro : added VM includeSteps: source=/templates/macros/json/steps.vm
2021-12-12 12:57:36,052 - ResourceManager : found /templates/macros/json/steps.vm with loader org.apache.velocity.runtime.resource.loader.ClasspathResourceLoader
2021-12-12 12:57:36,054 - Velocimacro : added VM includeStepName: source=/templates/macros/json/stepName.vm
2021-12-12 12:57:36,054 - ResourceManager : found /templates/macros/json/stepName.vm with loader org.apache.velocity.runtime.resource.loader.ClasspathResourceLoader
2021-12-12 12:57:36,055 - Velocimacro : added VM includeTags: source=/templates/macros/json/tags.vm
2021-12-12 12:57:36,055 - ResourceManager : found /templates/macros/json/tags.vm with loader org.apache.velocity.runtime.resource.loader.ClasspathResourceLoader
2021-12-12 12:57:36,067 - VM #includeNavigation: too few arguments to macro. Wanted 1 got 0
2021-12-12 12:57:36,073 - Left side ($active_tab) of '==' operation has null value. If it is a reference, it may not be in the context or its toString() returned null. /templates/macros/page/navigation.vm[line 14, column 51]
2021-12-12 12:57:36,074 - Left side ($active_tab) of '==' operation has null value. If it is a reference, it may not be in the context or its toString() returned null. /templates/macros/page/navigation.vm[line 15, column 51]
2021-12-12 12:57:36,074 - Left side ($active_tab) of '==' operation has null value. If it is a reference, it may not be in the context or its toString() returned null. /templates/macros/page/navigation.vm[line 16, column 51]
2021-12-12 12:57:36,074 - Left side ($active_tab) of '==' operation has null value. If it is a reference, it may not be in the context or its toString() returned null. /templates/macros/page/navigation.vm[line 20, column 51]
2021-12-12 12:57:36,132 - ResourceManager : found /templates/footer.vm with loader org.apache.velocity.runtime.resource.loader.ClasspathResourceLoader
2021-12-12 12:59:10,838 - Log4JLogChute initialized using file 'target\velocity.log'
2021-12-12 12:59:10,838 - Initializing Velocity, Calling init()...
2021-12-12 12:59:10,838 - Starting Apache Velocity v1.7 (compiled: 2010-11-19 12:14:37)
2021-12-12 12:59:10,838 - Default Properties File: org\apache\velocity\runtime\defaults\velocity.properties
2021-12-12 12:59:10,838 - Trying to use logger class org.apache.velocity.runtime.log.AvalonLogChute
2021-12-12 12:59:10,838 - Target log system for org.apache.velocity.runtime.log.AvalonLogChute is not available (java.lang.NoClassDefFoundError: org/apache/log/format/Formatter).  Falling back to next log system...
2021-12-12 12:59:10,838 - Trying to use logger class org.apache.velocity.runtime.log.Log4JLogChute
2021-12-12 12:59:10,838 - Using logger class org.apache.velocity.runtime.log.Log4JLogChute
2021-12-12 12:59:10,841 - ResourceLoader instantiated: org.apache.velocity.runtime.resource.loader.ClasspathResourceLoader
2021-12-12 12:59:10,853 - ResourceCache: initialized (class org.apache.velocity.runtime.resource.ResourceCacheImpl) with class java.util.Collections$SynchronizedMap cache map.
2021-12-12 12:59:10,855 - Loaded System Directive: org.apache.velocity.runtime.directive.Stop
2021-12-12 12:59:10,856 - Loaded System Directive: org.apache.velocity.runtime.directive.Define
2021-12-12 12:59:10,856 - Loaded System Directive: org.apache.velocity.runtime.directive.Break
2021-12-12 12:59:10,857 - Loaded System Directive: org.apache.velocity.runtime.directive.Evaluate
2021-12-12 12:59:10,857 - Loaded System Directive: org.apache.velocity.runtime.directive.Literal
2021-12-12 12:59:10,858 - Loaded System Directive: org.apache.velocity.runtime.directive.Macro
2021-12-12 12:59:10,860 - Loaded System Directive: org.apache.velocity.runtime.directive.Parse
2021-12-12 12:59:10,863 - Loaded System Directive: org.apache.velocity.runtime.directive.Include
2021-12-12 12:59:10,867 - Loaded System Directive: org.apache.velocity.runtime.directive.Foreach
2021-12-12 12:59:10,904 - Created '20' parsers.
2021-12-12 12:59:10,910 - Velocimacro : "velocimacro.library" is not set.  Trying default library: VM_global_library.vm
2021-12-12 12:59:10,911 - Could not load resource 'VM_global_library.vm' from ResourceLoader org.apache.velocity.runtime.resource.loader.ClasspathResourceLoader: ClasspathResourceLoader Error: cannot find resource VM_global_library.vm
2021-12-12 12:59:10,911 - Velocimacro : Default library not found.
2021-12-12 12:59:10,911 - Velocimacro : allowInline = true : VMs can be defined inline in templates
2021-12-12 12:59:10,911 - Velocimacro : allowInlineToOverride = false : VMs defined inline may NOT replace previous VM definitions
2021-12-12 12:59:10,911 - Velocimacro : allowInlineLocal = false : VMs defined inline will be global in scope if allowed.
2021-12-12 12:59:10,911 - Velocimacro : autoload off : VM system will not automatically reload global library macros
2021-12-12 12:59:11,059 - ResourceManager : found templates/generators/errorpage.vm with loader org.apache.velocity.runtime.resource.loader.ClasspathResourceLoader
2021-12-12 12:59:11,071 - ResourceManager : found /templates/headers.vm with loader org.apache.velocity.runtime.resource.loader.ClasspathResourceLoader
2021-12-12 12:59:11,074 - ResourceManager : found /templates/head.vm with loader org.apache.velocity.runtime.resource.loader.ClasspathResourceLoader
2021-12-12 12:59:11,079 - Velocimacro : added VM stringArray: source=/templates/macros/array.js.vm
2021-12-12 12:59:11,079 - Velocimacro : added VM numberArray: source=/templates/macros/array.js.vm
2021-12-12 12:59:11,079 - ResourceManager : found /templates/macros/array.js.vm with loader org.apache.velocity.runtime.resource.loader.ClasspathResourceLoader
2021-12-12 12:59:11,087 - Velocimacro : added VM includeBuildInfo: source=/templates/macros/page/buildinfo.vm
2021-12-12 12:59:11,087 - ResourceManager : found /templates/macros/page/buildinfo.vm with loader org.apache.velocity.runtime.resource.loader.ClasspathResourceLoader
2021-12-12 12:59:11,112 - Velocimacro : added VM includeClassifications: source=/templates/macros/page/classifications.vm
2021-12-12 12:59:11,112 - ResourceManager : found /templates/macros/page/classifications.vm with loader org.apache.velocity.runtime.resource.loader.ClasspathResourceLoader
2021-12-12 12:59:11,122 - Velocimacro : added VM includeLead: source=/templates/macros/page/lead.vm
2021-12-12 12:59:11,122 - ResourceManager : found /templates/macros/page/lead.vm with loader org.apache.velocity.runtime.resource.loader.ClasspathResourceLoader
2021-12-12 12:59:11,133 - Velocimacro : added VM includeNavigation: source=/templates/macros/page/navigation.vm
2021-12-12 12:59:11,133 - ResourceManager : found /templates/macros/page/navigation.vm with loader org.apache.velocity.runtime.resource.loader.ClasspathResourceLoader
2021-12-12 12:59:11,141 - Velocimacro : added VM includeReportInfo: source=/templates/macros/page/reportInfo.vm
2021-12-12 12:59:11,141 - ResourceManager : found /templates/macros/page/reportInfo.vm with loader org.apache.velocity.runtime.resource.loader.ClasspathResourceLoader
2021-12-12 12:59:11,143 - Velocimacro : added VM includeTitle: source=/templates/macros/page/title.vm
2021-12-12 12:59:11,143 - ResourceManager : found /templates/macros/page/title.vm with loader org.apache.velocity.runtime.resource.loader.ClasspathResourceLoader
2021-12-12 12:59:11,144 - Velocimacro : added VM includeExpandingButtons: source=/templates/macros/report/expandAllButtons.vm
2021-12-12 12:59:11,145 - ResourceManager : found /templates/macros/report/expandAllButtons.vm with loader org.apache.velocity.runtime.resource.loader.ClasspathResourceLoader
2021-12-12 12:59:11,157 - Velocimacro : added VM includeReportTable: source=/templates/macros/report/reportTable.vm
2021-12-12 12:59:11,157 - ResourceManager : found /templates/macros/report/reportTable.vm with loader org.apache.velocity.runtime.resource.loader.ClasspathResourceLoader
2021-12-12 12:59:11,158 - Velocimacro : added VM includeReportHeader: source=/templates/macros/report/reportHeader.vm
2021-12-12 12:59:11,158 - ResourceManager : found /templates/macros/report/reportHeader.vm with loader org.apache.velocity.runtime.resource.loader.ClasspathResourceLoader
2021-12-12 12:59:11,163 - Velocimacro : added VM includeStatsTable: source=/templates/macros/report/statsTable.vm
2021-12-12 12:59:11,163 - ResourceManager : found /templates/macros/report/statsTable.vm with loader org.apache.velocity.runtime.resource.loader.ClasspathResourceLoader
2021-12-12 12:59:11,174 - Velocimacro : added VM includeBrief: source=/templates/macros/json/brief.vm
2021-12-12 12:59:11,174 - ResourceManager : found /templates/macros/json/brief.vm with loader org.apache.velocity.runtime.resource.loader.ClasspathResourceLoader
2021-12-12 12:59:11,175 - Velocimacro : added VM includeDocString: source=/templates/macros/json/docstring.vm
2021-12-12 12:59:11,175 - ResourceManager : found /templates/macros/json/docstring.vm with loader org.apache.velocity.runtime.resource.loader.ClasspathResourceLoader
2021-12-12 12:59:11,177 - Velocimacro : added VM includeDuration: source=/templates/macros/json/duration.vm
2021-12-12 12:59:11,177 - ResourceManager : found /templates/macros/json/duration.vm with loader org.apache.velocity.runtime.resource.loader.ClasspathResourceLoader
2021-12-12 12:59:11,185 - Velocimacro : added VM includeElement: source=/templates/macros/json/element.vm
2021-12-12 12:59:11,185 - ResourceManager : found /templates/macros/json/element.vm with loader org.apache.velocity.runtime.resource.loader.ClasspathResourceLoader
2021-12-12 12:59:11,199 - Velocimacro : added VM includeEmbeddings: source=/templates/macros/json/embeddings.vm
2021-12-12 12:59:11,201 - Velocimacro : added VM includeHtmlEmbedding: source=/templates/macros/json/embeddings.vm
2021-12-12 12:59:11,201 - Velocimacro : added VM includeVideoEmbedding: source=/templates/macros/json/embeddings.vm
2021-12-12 12:59:11,202 - Velocimacro : added VM includeImageEmbedding: source=/templates/macros/json/embeddings.vm
2021-12-12 12:59:11,203 - Velocimacro : added VM includeImageReferenceEmbedding: source=/templates/macros/json/embeddings.vm
2021-12-12 12:59:11,203 - Velocimacro : added VM includeTextEmbedding: source=/templates/macros/json/embeddings.vm
2021-12-12 12:59:11,203 - Velocimacro : added VM includeUnknownEmbedding: source=/templates/macros/json/embeddings.vm
2021-12-12 12:59:11,203 - ResourceManager : found /templates/macros/json/embeddings.vm with loader org.apache.velocity.runtime.resource.loader.ClasspathResourceLoader
2021-12-12 12:59:11,207 - Velocimacro : added VM includeHooks: source=/templates/macros/json/hooks.vm
2021-12-12 12:59:11,207 - ResourceManager : found /templates/macros/json/hooks.vm with loader org.apache.velocity.runtime.resource.loader.ClasspathResourceLoader
2021-12-12 12:59:11,217 - Velocimacro : added VM includeOutput: source=/templates/macros/json/output.vm
2021-12-12 12:59:11,217 - ResourceManager : found /templates/macros/json/output.vm with loader org.apache.velocity.runtime.resource.loader.ClasspathResourceLoader
2021-12-12 12:59:11,220 - Velocimacro : added VM includeMessage: source=/templates/macros/json/message.vm
2021-12-12 12:59:11,220 - ResourceManager : found /templates/macros/json/message.vm with loader org.apache.velocity.runtime.resource.loader.ClasspathResourceLoader
2021-12-12 12:59:11,224 - Velocimacro : added VM includeSteps: source=/templates/macros/json/steps.vm
2021-12-12 12:59:11,224 - ResourceManager : found /templates/macros/json/steps.vm with loader org.apache.velocity.runtime.resource.loader.ClasspathResourceLoader
2021-12-12 12:59:11,227 - Velocimacro : added VM includeStepName: source=/templates/macros/json/stepName.vm
2021-12-12 12:59:11,227 - ResourceManager : found /templates/macros/json/stepName.vm with loader org.apache.velocity.runtime.resource.loader.ClasspathResourceLoader
2021-12-12 12:59:11,229 - Velocimacro : added VM includeTags: source=/templates/macros/json/tags.vm
2021-12-12 12:59:11,229 - ResourceManager : found /templates/macros/json/tags.vm with loader org.apache.velocity.runtime.resource.loader.ClasspathResourceLoader
2021-12-12 12:59:11,244 - VM #includeNavigation: too few arguments to macro. Wanted 1 got 0
2021-12-12 12:59:11,245 - Left side ($active_tab) of '==' operation has null value. If it is a reference, it may not be in the context or its toString() returned null. /templates/macros/page/navigation.vm[line 14, column 51]
2021-12-12 12:59:11,245 - Left side ($active_tab) of '==' operation has null value. If it is a reference, it may not be in the context or its toString() returned null. /templates/macros/page/navigation.vm[line 15, column 51]
2021-12-12 12:59:11,245 - Left side ($active_tab) of '==' operation has null value. If it is a reference, it may not be in the context or its toString() returned null. /templates/macros/page/navigation.vm[line 16, column 51]
2021-12-12 12:59:11,245 - Left side ($active_tab) of '==' operation has null value. If it is a reference, it may not be in the context or its toString() returned null. /templates/macros/page/navigation.vm[line 20, column 51]
2021-12-12 12:59:11,262 - ResourceManager : found /templates/footer.vm with loader org.apache.velocity.runtime.resource.loader.ClasspathResourceLoader
2021-12-12 13:00:57,363 - Log4JLogChute initialized using file 'target\velocity.log'
2021-12-12 13:00:57,363 - Initializing Velocity, Calling init()...
2021-12-12 13:00:57,363 - Starting Apache Velocity v1.7 (compiled: 2010-11-19 12:14:37)
2021-12-12 13:00:57,363 - Default Properties File: org\apache\velocity\runtime\defaults\velocity.properties
2021-12-12 13:00:57,363 - Trying to use logger class org.apache.velocity.runtime.log.AvalonLogChute
2021-12-12 13:00:57,364 - Target log system for org.apache.velocity.runtime.log.AvalonLogChute is not available (java.lang.NoClassDefFoundError: org/apache/log/format/Formatter).  Falling back to next log system...
2021-12-12 13:00:57,364 - Trying to use logger class org.apache.velocity.runtime.log.Log4JLogChute
2021-12-12 13:00:57,364 - Using logger class org.apache.velocity.runtime.log.Log4JLogChute
2021-12-12 13:00:57,366 - ResourceLoader instantiated: org.apache.velocity.runtime.resource.loader.ClasspathResourceLoader
2021-12-12 13:00:57,380 - ResourceCache: initialized (class org.apache.velocity.runtime.resource.ResourceCacheImpl) with class java.util.Collections$SynchronizedMap cache map.
2021-12-12 13:00:57,384 - Loaded System Directive: org.apache.velocity.runtime.directive.Stop
2021-12-12 13:00:57,386 - Loaded System Directive: org.apache.velocity.runtime.directive.Define
2021-12-12 13:00:57,386 - Loaded System Directive: org.apache.velocity.runtime.directive.Break
2021-12-12 13:00:57,387 - Loaded System Directive: org.apache.velocity.runtime.directive.Evaluate
2021-12-12 13:00:57,388 - Loaded System Directive: org.apache.velocity.runtime.directive.Literal
2021-12-12 13:00:57,389 - Loaded System Directive: org.apache.velocity.runtime.directive.Macro
2021-12-12 13:00:57,390 - Loaded System Directive: org.apache.velocity.runtime.directive.Parse
2021-12-12 13:00:57,397 - Loaded System Directive: org.apache.velocity.runtime.directive.Include
2021-12-12 13:00:57,399 - Loaded System Directive: org.apache.velocity.runtime.directive.Foreach
2021-12-12 13:00:57,443 - Created '20' parsers.
2021-12-12 13:00:57,451 - Velocimacro : "velocimacro.library" is not set.  Trying default library: VM_global_library.vm
2021-12-12 13:00:57,453 - Could not load resource 'VM_global_library.vm' from ResourceLoader org.apache.velocity.runtime.resource.loader.ClasspathResourceLoader: ClasspathResourceLoader Error: cannot find resource VM_global_library.vm
2021-12-12 13:00:57,453 - Velocimacro : Default library not found.
2021-12-12 13:00:57,453 - Velocimacro : allowInline = true : VMs can be defined inline in templates
2021-12-12 13:00:57,454 - Velocimacro : allowInlineToOverride = false : VMs defined inline may NOT replace previous VM definitions
2021-12-12 13:00:57,454 - Velocimacro : allowInlineLocal = false : VMs defined inline will be global in scope if allowed.
2021-12-12 13:00:57,454 - Velocimacro : autoload off : VM system will not automatically reload global library macros
2021-12-12 13:00:57,690 - ResourceManager : found templates/generators/errorpage.vm with loader org.apache.velocity.runtime.resource.loader.ClasspathResourceLoader
2021-12-12 13:00:57,699 - ResourceManager : found /templates/headers.vm with loader org.apache.velocity.runtime.resource.loader.ClasspathResourceLoader
2021-12-12 13:00:57,701 - ResourceManager : found /templates/head.vm with loader org.apache.velocity.runtime.resource.loader.ClasspathResourceLoader
2021-12-12 13:00:57,704 - Velocimacro : added VM stringArray: source=/templates/macros/array.js.vm
2021-12-12 13:00:57,704 - Velocimacro : added VM numberArray: source=/templates/macros/array.js.vm
2021-12-12 13:00:57,704 - ResourceManager : found /templates/macros/array.js.vm with loader org.apache.velocity.runtime.resource.loader.ClasspathResourceLoader
2021-12-12 13:00:57,708 - Velocimacro : added VM includeBuildInfo: source=/templates/macros/page/buildinfo.vm
2021-12-12 13:00:57,708 - ResourceManager : found /templates/macros/page/buildinfo.vm with loader org.apache.velocity.runtime.resource.loader.ClasspathResourceLoader
2021-12-12 13:00:57,715 - Velocimacro : added VM includeClassifications: source=/templates/macros/page/classifications.vm
2021-12-12 13:00:57,715 - ResourceManager : found /templates/macros/page/classifications.vm with loader org.apache.velocity.runtime.resource.loader.ClasspathResourceLoader
2021-12-12 13:00:57,716 - Velocimacro : added VM includeLead: source=/templates/macros/page/lead.vm
2021-12-12 13:00:57,717 - ResourceManager : found /templates/macros/page/lead.vm with loader org.apache.velocity.runtime.resource.loader.ClasspathResourceLoader
2021-12-12 13:00:57,720 - Velocimacro : added VM includeNavigation: source=/templates/macros/page/navigation.vm
2021-12-12 13:00:57,720 - ResourceManager : found /templates/macros/page/navigation.vm with loader org.apache.velocity.runtime.resource.loader.ClasspathResourceLoader
2021-12-12 13:00:57,723 - Velocimacro : added VM includeReportInfo: source=/templates/macros/page/reportInfo.vm
2021-12-12 13:00:57,723 - ResourceManager : found /templates/macros/page/reportInfo.vm with loader org.apache.velocity.runtime.resource.loader.ClasspathResourceLoader
2021-12-12 13:00:57,727 - Velocimacro : added VM includeTitle: source=/templates/macros/page/title.vm
2021-12-12 13:00:57,727 - ResourceManager : found /templates/macros/page/title.vm with loader org.apache.velocity.runtime.resource.loader.ClasspathResourceLoader
2021-12-12 13:00:57,732 - Velocimacro : added VM includeExpandingButtons: source=/templates/macros/report/expandAllButtons.vm
2021-12-12 13:00:57,732 - ResourceManager : found /templates/macros/report/expandAllButtons.vm with loader org.apache.velocity.runtime.resource.loader.ClasspathResourceLoader
2021-12-12 13:00:57,739 - Velocimacro : added VM includeReportTable: source=/templates/macros/report/reportTable.vm
2021-12-12 13:00:57,739 - ResourceManager : found /templates/macros/report/reportTable.vm with loader org.apache.velocity.runtime.resource.loader.ClasspathResourceLoader
2021-12-12 13:00:57,741 - Velocimacro : added VM includeReportHeader: source=/templates/macros/report/reportHeader.vm
2021-12-12 13:00:57,741 - ResourceManager : found /templates/macros/report/reportHeader.vm with loader org.apache.velocity.runtime.resource.loader.ClasspathResourceLoader
2021-12-12 13:00:57,750 - Velocimacro : added VM includeStatsTable: source=/templates/macros/report/statsTable.vm
2021-12-12 13:00:57,750 - ResourceManager : found /templates/macros/report/statsTable.vm with loader org.apache.velocity.runtime.resource.loader.ClasspathResourceLoader
2021-12-12 13:00:57,752 - Velocimacro : added VM includeBrief: source=/templates/macros/json/brief.vm
2021-12-12 13:00:57,752 - ResourceManager : found /templates/macros/json/brief.vm with loader org.apache.velocity.runtime.resource.loader.ClasspathResourceLoader
2021-12-12 13:00:57,753 - Velocimacro : added VM includeDocString: source=/templates/macros/json/docstring.vm
2021-12-12 13:00:57,753 - ResourceManager : found /templates/macros/json/docstring.vm with loader org.apache.velocity.runtime.resource.loader.ClasspathResourceLoader
2021-12-12 13:00:57,754 - Velocimacro : added VM includeDuration: source=/templates/macros/json/duration.vm
2021-12-12 13:00:57,754 - ResourceManager : found /templates/macros/json/duration.vm with loader org.apache.velocity.runtime.resource.loader.ClasspathResourceLoader
2021-12-12 13:00:57,765 - Velocimacro : added VM includeElement: source=/templates/macros/json/element.vm
2021-12-12 13:00:57,765 - ResourceManager : found /templates/macros/json/element.vm with loader org.apache.velocity.runtime.resource.loader.ClasspathResourceLoader
2021-12-12 13:00:57,779 - Velocimacro : added VM includeEmbeddings: source=/templates/macros/json/embeddings.vm
2021-12-12 13:00:57,780 - Velocimacro : added VM includeHtmlEmbedding: source=/templates/macros/json/embeddings.vm
2021-12-12 13:00:57,780 - Velocimacro : added VM includeVideoEmbedding: source=/templates/macros/json/embeddings.vm
2021-12-12 13:00:57,780 - Velocimacro : added VM includeImageEmbedding: source=/templates/macros/json/embeddings.vm
2021-12-12 13:00:57,780 - Velocimacro : added VM includeImageReferenceEmbedding: source=/templates/macros/json/embeddings.vm
2021-12-12 13:00:57,780 - Velocimacro : added VM includeTextEmbedding: source=/templates/macros/json/embeddings.vm
2021-12-12 13:00:57,781 - Velocimacro : added VM includeUnknownEmbedding: source=/templates/macros/json/embeddings.vm
2021-12-12 13:00:57,781 - ResourceManager : found /templates/macros/json/embeddings.vm with loader org.apache.velocity.runtime.resource.loader.ClasspathResourceLoader
2021-12-12 13:00:57,788 - Velocimacro : added VM includeHooks: source=/templates/macros/json/hooks.vm
2021-12-12 13:00:57,788 - ResourceManager : found /templates/macros/json/hooks.vm with loader org.apache.velocity.runtime.resource.loader.ClasspathResourceLoader
2021-12-12 13:00:57,798 - Velocimacro : added VM includeOutput: source=/templates/macros/json/output.vm
2021-12-12 13:00:57,798 - ResourceManager : found /templates/macros/json/output.vm with loader org.apache.velocity.runtime.resource.loader.ClasspathResourceLoader
2021-12-12 13:00:57,805 - Velocimacro : added VM includeMessage: source=/templates/macros/json/message.vm
2021-12-12 13:00:57,806 - ResourceManager : found /templates/macros/json/message.vm with loader org.apache.velocity.runtime.resource.loader.ClasspathResourceLoader
2021-12-12 13:00:57,822 - Velocimacro : added VM includeSteps: source=/templates/macros/json/steps.vm
2021-12-12 13:00:57,831 - ResourceManager : found /templates/macros/json/steps.vm with loader org.apache.velocity.runtime.resource.loader.ClasspathResourceLoader
2021-12-12 13:00:57,834 - Velocimacro : added VM includeStepName: source=/templates/macros/json/stepName.vm
2021-12-12 13:00:57,834 - ResourceManager : found /templates/macros/json/stepName.vm with loader org.apache.velocity.runtime.resource.loader.ClasspathResourceLoader
2021-12-12 13:00:57,836 - Velocimacro : added VM includeTags: source=/templates/macros/json/tags.vm
2021-12-12 13:00:57,836 - ResourceManager : found /templates/macros/json/tags.vm with loader org.apache.velocity.runtime.resource.loader.ClasspathResourceLoader
2021-12-12 13:00:57,852 - VM #includeNavigation: too few arguments to macro. Wanted 1 got 0
2021-12-12 13:00:57,852 - Left side ($active_tab) of '==' operation has null value. If it is a reference, it may not be in the context or its toString() returned null. /templates/macros/page/navigation.vm[line 14, column 51]
2021-12-12 13:00:57,852 - Left side ($active_tab) of '==' operation has null value. If it is a reference, it may not be in the context or its toString() returned null. /templates/macros/page/navigation.vm[line 15, column 51]
2021-12-12 13:00:57,852 - Left side ($active_tab) of '==' operation has null value. If it is a reference, it may not be in the context or its toString() returned null. /templates/macros/page/navigation.vm[line 16, column 51]
2021-12-12 13:00:57,853 - Left side ($active_tab) of '==' operation has null value. If it is a reference, it may not be in the context or its toString() returned null. /templates/macros/page/navigation.vm[line 20, column 51]
2021-12-12 13:00:57,894 - ResourceManager : found /templates/footer.vm with loader org.apache.velocity.runtime.resource.loader.ClasspathResourceLoader
2021-12-12 13:02:11,584 - Log4JLogChute initialized using file 'target\velocity.log'
2021-12-12 13:02:11,584 - Initializing Velocity, Calling init()...
2021-12-12 13:02:11,584 - Starting Apache Velocity v1.7 (compiled: 2010-11-19 12:14:37)
2021-12-12 13:02:11,584 - Default Properties File: org\apache\velocity\runtime\defaults\velocity.properties
2021-12-12 13:02:11,584 - Trying to use logger class org.apache.velocity.runtime.log.AvalonLogChute
2021-12-12 13:02:11,584 - Target log system for org.apache.velocity.runtime.log.AvalonLogChute is not available (java.lang.NoClassDefFoundError: org/apache/log/format/Formatter).  Falling back to next log system...
2021-12-12 13:02:11,584 - Trying to use logger class org.apache.velocity.runtime.log.Log4JLogChute
2021-12-12 13:02:11,584 - Using logger class org.apache.velocity.runtime.log.Log4JLogChute
2021-12-12 13:02:11,588 - ResourceLoader instantiated: org.apache.velocity.runtime.resource.loader.ClasspathResourceLoader
2021-12-12 13:02:11,601 - ResourceCache: initialized (class org.apache.velocity.runtime.resource.ResourceCacheImpl) with class java.util.Collections$SynchronizedMap cache map.
2021-12-12 13:02:11,603 - Loaded System Directive: org.apache.velocity.runtime.directive.Stop
2021-12-12 13:02:11,604 - Loaded System Directive: org.apache.velocity.runtime.directive.Define
2021-12-12 13:02:11,604 - Loaded System Directive: org.apache.velocity.runtime.directive.Break
2021-12-12 13:02:11,605 - Loaded System Directive: org.apache.velocity.runtime.directive.Evaluate
2021-12-12 13:02:11,606 - Loaded System Directive: org.apache.velocity.runtime.directive.Literal
2021-12-12 13:02:11,608 - Loaded System Directive: org.apache.velocity.runtime.directive.Macro
2021-12-12 13:02:11,616 - Loaded System Directive: org.apache.velocity.runtime.directive.Parse
2021-12-12 13:02:11,617 - Loaded System Directive: org.apache.velocity.runtime.directive.Include
2021-12-12 13:02:11,618 - Loaded System Directive: org.apache.velocity.runtime.directive.Foreach
2021-12-12 13:02:11,650 - Created '20' parsers.
2021-12-12 13:02:11,660 - Velocimacro : "velocimacro.library" is not set.  Trying default library: VM_global_library.vm
2021-12-12 13:02:11,665 - Could not load resource 'VM_global_library.vm' from ResourceLoader org.apache.velocity.runtime.resource.loader.ClasspathResourceLoader: ClasspathResourceLoader Error: cannot find resource VM_global_library.vm
2021-12-12 13:02:11,665 - Velocimacro : Default library not found.
2021-12-12 13:02:11,665 - Velocimacro : allowInline = true : VMs can be defined inline in templates
2021-12-12 13:02:11,665 - Velocimacro : allowInlineToOverride = false : VMs defined inline may NOT replace previous VM definitions
2021-12-12 13:02:11,665 - Velocimacro : allowInlineLocal = false : VMs defined inline will be global in scope if allowed.
2021-12-12 13:02:11,666 - Velocimacro : autoload off : VM system will not automatically reload global library macros
2021-12-12 13:02:11,800 - ResourceManager : found templates/generators/errorpage.vm with loader org.apache.velocity.runtime.resource.loader.ClasspathResourceLoader
2021-12-12 13:02:11,805 - ResourceManager : found /templates/headers.vm with loader org.apache.velocity.runtime.resource.loader.ClasspathResourceLoader
2021-12-12 13:02:11,806 - ResourceManager : found /templates/head.vm with loader org.apache.velocity.runtime.resource.loader.ClasspathResourceLoader
2021-12-12 13:02:11,813 - Velocimacro : added VM stringArray: source=/templates/macros/array.js.vm
2021-12-12 13:02:11,813 - Velocimacro : added VM numberArray: source=/templates/macros/array.js.vm
2021-12-12 13:02:11,813 - ResourceManager : found /templates/macros/array.js.vm with loader org.apache.velocity.runtime.resource.loader.ClasspathResourceLoader
2021-12-12 13:02:11,817 - Velocimacro : added VM includeBuildInfo: source=/templates/macros/page/buildinfo.vm
2021-12-12 13:02:11,817 - ResourceManager : found /templates/macros/page/buildinfo.vm with loader org.apache.velocity.runtime.resource.loader.ClasspathResourceLoader
2021-12-12 13:02:11,822 - Velocimacro : added VM includeClassifications: source=/templates/macros/page/classifications.vm
2021-12-12 13:02:11,822 - ResourceManager : found /templates/macros/page/classifications.vm with loader org.apache.velocity.runtime.resource.loader.ClasspathResourceLoader
2021-12-12 13:02:11,822 - Velocimacro : added VM includeLead: source=/templates/macros/page/lead.vm
2021-12-12 13:02:11,822 - ResourceManager : found /templates/macros/page/lead.vm with loader org.apache.velocity.runtime.resource.loader.ClasspathResourceLoader
2021-12-12 13:02:11,827 - Velocimacro : added VM includeNavigation: source=/templates/macros/page/navigation.vm
2021-12-12 13:02:11,827 - ResourceManager : found /templates/macros/page/navigation.vm with loader org.apache.velocity.runtime.resource.loader.ClasspathResourceLoader
2021-12-12 13:02:11,833 - Velocimacro : added VM includeReportInfo: source=/templates/macros/page/reportInfo.vm
2021-12-12 13:02:11,833 - ResourceManager : found /templates/macros/page/reportInfo.vm with loader org.apache.velocity.runtime.resource.loader.ClasspathResourceLoader
2021-12-12 13:02:11,834 - Velocimacro : added VM includeTitle: source=/templates/macros/page/title.vm
2021-12-12 13:02:11,834 - ResourceManager : found /templates/macros/page/title.vm with loader org.apache.velocity.runtime.resource.loader.ClasspathResourceLoader
2021-12-12 13:02:11,837 - Velocimacro : added VM includeExpandingButtons: source=/templates/macros/report/expandAllButtons.vm
2021-12-12 13:02:11,837 - ResourceManager : found /templates/macros/report/expandAllButtons.vm with loader org.apache.velocity.runtime.resource.loader.ClasspathResourceLoader
2021-12-12 13:02:11,841 - Velocimacro : added VM includeReportTable: source=/templates/macros/report/reportTable.vm
2021-12-12 13:02:11,841 - ResourceManager : found /templates/macros/report/reportTable.vm with loader org.apache.velocity.runtime.resource.loader.ClasspathResourceLoader
2021-12-12 13:02:11,843 - Velocimacro : added VM includeReportHeader: source=/templates/macros/report/reportHeader.vm
2021-12-12 13:02:11,843 - ResourceManager : found /templates/macros/report/reportHeader.vm with loader org.apache.velocity.runtime.resource.loader.ClasspathResourceLoader
2021-12-12 13:02:11,850 - Velocimacro : added VM includeStatsTable: source=/templates/macros/report/statsTable.vm
2021-12-12 13:02:11,850 - ResourceManager : found /templates/macros/report/statsTable.vm with loader org.apache.velocity.runtime.resource.loader.ClasspathResourceLoader
2021-12-12 13:02:11,852 - Velocimacro : added VM includeBrief: source=/templates/macros/json/brief.vm
2021-12-12 13:02:11,853 - ResourceManager : found /templates/macros/json/brief.vm with loader org.apache.velocity.runtime.resource.loader.ClasspathResourceLoader
2021-12-12 13:02:11,856 - Velocimacro : added VM includeDocString: source=/templates/macros/json/docstring.vm
2021-12-12 13:02:11,856 - ResourceManager : found /templates/macros/json/docstring.vm with loader org.apache.velocity.runtime.resource.loader.ClasspathResourceLoader
2021-12-12 13:02:11,859 - Velocimacro : added VM includeDuration: source=/templates/macros/json/duration.vm
2021-12-12 13:02:11,860 - ResourceManager : found /templates/macros/json/duration.vm with loader org.apache.velocity.runtime.resource.loader.ClasspathResourceLoader
2021-12-12 13:02:11,865 - Velocimacro : added VM includeElement: source=/templates/macros/json/element.vm
2021-12-12 13:02:11,865 - ResourceManager : found /templates/macros/json/element.vm with loader org.apache.velocity.runtime.resource.loader.ClasspathResourceLoader
2021-12-12 13:02:11,885 - Velocimacro : added VM includeEmbeddings: source=/templates/macros/json/embeddings.vm
2021-12-12 13:02:11,886 - Velocimacro : added VM includeHtmlEmbedding: source=/templates/macros/json/embeddings.vm
2021-12-12 13:02:11,886 - Velocimacro : added VM includeVideoEmbedding: source=/templates/macros/json/embeddings.vm
2021-12-12 13:02:11,887 - Velocimacro : added VM includeImageEmbedding: source=/templates/macros/json/embeddings.vm
2021-12-12 13:02:11,888 - Velocimacro : added VM includeImageReferenceEmbedding: source=/templates/macros/json/embeddings.vm
2021-12-12 13:02:11,888 - Velocimacro : added VM includeTextEmbedding: source=/templates/macros/json/embeddings.vm
2021-12-12 13:02:11,888 - Velocimacro : added VM includeUnknownEmbedding: source=/templates/macros/json/embeddings.vm
2021-12-12 13:02:11,888 - ResourceManager : found /templates/macros/json/embeddings.vm with loader org.apache.velocity.runtime.resource.loader.ClasspathResourceLoader
2021-12-12 13:02:11,892 - Velocimacro : added VM includeHooks: source=/templates/macros/json/hooks.vm
2021-12-12 13:02:11,894 - ResourceManager : found /templates/macros/json/hooks.vm with loader org.apache.velocity.runtime.resource.loader.ClasspathResourceLoader
2021-12-12 13:02:11,899 - Velocimacro : added VM includeOutput: source=/templates/macros/json/output.vm
2021-12-12 13:02:11,899 - ResourceManager : found /templates/macros/json/output.vm with loader org.apache.velocity.runtime.resource.loader.ClasspathResourceLoader
2021-12-12 13:02:11,901 - Velocimacro : added VM includeMessage: source=/templates/macros/json/message.vm
2021-12-12 13:02:11,901 - ResourceManager : found /templates/macros/json/message.vm with loader org.apache.velocity.runtime.resource.loader.ClasspathResourceLoader
2021-12-12 13:02:11,902 - Velocimacro : added VM includeSteps: source=/templates/macros/json/steps.vm
2021-12-12 13:02:11,902 - ResourceManager : found /templates/macros/json/steps.vm with loader org.apache.velocity.runtime.resource.loader.ClasspathResourceLoader
2021-12-12 13:02:11,903 - Velocimacro : added VM includeStepName: source=/templates/macros/json/stepName.vm
2021-12-12 13:02:11,904 - ResourceManager : found /templates/macros/json/stepName.vm with loader org.apache.velocity.runtime.resource.loader.ClasspathResourceLoader
2021-12-12 13:02:11,906 - Velocimacro : added VM includeTags: source=/templates/macros/json/tags.vm
2021-12-12 13:02:11,906 - ResourceManager : found /templates/macros/json/tags.vm with loader org.apache.velocity.runtime.resource.loader.ClasspathResourceLoader
2021-12-12 13:02:11,918 - VM #includeNavigation: too few arguments to macro. Wanted 1 got 0
2021-12-12 13:02:11,920 - Left side ($active_tab) of '==' operation has null value. If it is a reference, it may not be in the context or its toString() returned null. /templates/macros/page/navigation.vm[line 14, column 51]
2021-12-12 13:02:11,920 - Left side ($active_tab) of '==' operation has null value. If it is a reference, it may not be in the context or its toString() returned null. /templates/macros/page/navigation.vm[line 15, column 51]
2021-12-12 13:02:11,920 - Left side ($active_tab) of '==' operation has null value. If it is a reference, it may not be in the context or its toString() returned null. /templates/macros/page/navigation.vm[line 16, column 51]
2021-12-12 13:02:11,920 - Left side ($active_tab) of '==' operation has null value. If it is a reference, it may not be in the context or its toString() returned null. /templates/macros/page/navigation.vm[line 20, column 51]
2021-12-12 13:02:11,948 - ResourceManager : found /templates/footer.vm with loader org.apache.velocity.runtime.resource.loader.ClasspathResourceLoader
